<?xml version="1.0" encoding="utf-8" standalone="no"?>
<!--This file represents the results of running a test suite-->
<test-results name="D:\ForMove\MagicSquare\TestMagicSquare\bin\Debug\TestMagicSquare.dll" total="2" errors="0" failures="0" not-run="0" inconclusive="0" ignored="0" skipped="0" invalid="0" date="2012-02-06" time="17:49:48">
  <environment nunit-version="2.5.10.11092" clr-version="2.0.50727.5448" os-version="Microsoft Windows NT 6.1.7601 Service Pack 1" platform="Win32NT" cwd="C:\Program Files (x86)\NUnit 2.5.10\bin\net-2.0" machine-name="SERGEY-W7" user="Sergey" user-domain="SERGEY-W7" />
  <culture-info current-culture="en-US" current-uiculture="en-US" />
  <test-suite type="Assembly" name="D:\ForMove\MagicSquare\TestMagicSquare\bin\Debug\TestMagicSquare.dll" executed="True" result="Success" success="True" time="0.361" asserts="0">
    <results>
      <test-suite type="Namespace" name="TestMagicSquare" executed="True" result="Success" success="True" time="0.349" asserts="0">
        <results>
          <test-suite type="TestFixture" name="UnitTestMagicSquare" executed="True" result="Success" success="True" time="0.348" asserts="0">
            <results>
              <test-case name="TestMagicSquare.UnitTestMagicSquare.IsMagicTest_CorrectInput" executed="True" result="Success" success="True" time="0.329" asserts="1" />
              <test-case name="TestMagicSquare.UnitTestMagicSquare.IsMagicTest_IncorrectInput" executed="True" result="Success" success="True" time="0.002" asserts="1" />
            </results>
          </test-suite>
        </results>
      </test-suite>
    </results>
  </test-suite>
</test-results>